greenify/app/intermediates/manifest_merge_blame_file/debug/manifest-merger-blame-debug-report.txt
1<?xml version="1.0" encoding="utf-8"?>
2<manifest xmlns:android="http://schemas.android.com/apk/res/android"
3    package="com.example.greenify"
4    android:versionCode="1"
5    android:versionName="1.0" >
6
7    <uses-sdk
8        android:minSdkVersion="19"
8-->src\main\AndroidManifest.xml
9        android:targetSdkVersion="28" />
9-->src\main\AndroidManifest.xml
10
11    <uses-permission android:name="android.permission.INTERNET" />
11-->src\main\AndroidManifest.xml:4:5-66
11-->src\main\AndroidManifest.xml:4:22-64
12
13    <!-- Include required permissions for Google Maps API to run. -->
14    <uses-permission android:name="android.permission.ACCESS_NETWORK_STATE" />
14-->[com.google.android.gms:play-services-maps:15.0.0] AndroidManifest.xml:23:5-79
14-->[com.google.android.gms:play-services-maps:15.0.0] AndroidManifest.xml:23:22-76
15
16    <uses-feature
16-->[com.google.android.gms:play-services-maps:15.0.0] AndroidManifest.xml:26:5-28:35
17        android:glEsVersion="0x00020000"
17-->[com.google.android.gms:play-services-maps:15.0.0] AndroidManifest.xml:27:9-41
18        android:required="true" />
18-->[com.google.android.gms:play-services-maps:15.0.0] AndroidManifest.xml:28:9-32
19
20    <application
20-->src\main\AndroidManifest.xml:8:5-30:19
21        android:allowBackup="true"
21-->src\main\AndroidManifest.xml:9:9-35
22        android:appComponentFactory="androidx.core.app.CoreComponentFactory"
22-->[androidx.core:core:1.2.0] AndroidManifest.xml:24:18-86
23        android:debuggable="true"
24        android:icon="@mipmap/ic_launcher"
24-->src\main\AndroidManifest.xml:10:9-43
25        android:label="@string/app_name"
25-->src\main\AndroidManifest.xml:11:9-41
26        android:roundIcon="@mipmap/ic_launcher_round"
26-->src\main\AndroidManifest.xml:12:9-54
27        android:supportsRtl="true"
27-->src\main\AndroidManifest.xml:13:9-35
28        android:testOnly="true"
29        android:theme="@style/AppTheme" >
29-->src\main\AndroidManifest.xml:14:9-40
30        <activity android:name="com.example.greenify.MainActivity" >
30-->src\main\AndroidManifest.xml:15:9-21:20
30-->src\main\AndroidManifest.xml:15:19-47
31            <intent-filter>
31-->src\main\AndroidManifest.xml:16:13-20:29
32                <action android:name="android.intent.action.MAIN" />
32-->src\main\AndroidManifest.xml:17:17-69
32-->src\main\AndroidManifest.xml:17:25-66
33
34                <category android:name="android.intent.category.LAUNCHER" />
34-->src\main\AndroidManifest.xml:19:17-77
34-->src\main\AndroidManifest.xml:19:27-74
35            </intent-filter>
36        </activity>
37
38        <uses-library
38-->src\main\AndroidManifest.xml:22:9-88
39            android:name="org.apache.http.legacy"
39-->src\main\AndroidManifest.xml:22:23-60
40            android:required="false" />
40-->src\main\AndroidManifest.xml:22:61-85
41
42        <meta-data
42-->src\main\AndroidManifest.xml:23:9-25:71
43            android:name="com.google.android.geo.API_KEY"
43-->src\main\AndroidManifest.xml:24:13-58
44            android:value="AIzaSyB_ZIp8IDlYt79Hh5g7NdHgqK9B9Euet9M" />
44-->src\main\AndroidManifest.xml:25:13-68
45        <meta-data
45-->src\main\AndroidManifest.xml:26:9-28:69
46            android:name="com.google.android.gms.version"
46-->src\main\AndroidManifest.xml:27:13-58
47            android:value="@integer/google_play_services_version" />
47-->src\main\AndroidManifest.xml:28:13-66
48
49        <activity
49-->[com.google.android.gms:play-services-base:17.5.0] AndroidManifest.xml:23:9-26:75
50            android:name="com.google.android.gms.common.api.GoogleApiActivity"
50-->[com.google.android.gms:play-services-base:17.5.0] AndroidManifest.xml:24:13-79
51            android:exported="false"
51-->[com.google.android.gms:play-services-base:17.5.0] AndroidManifest.xml:25:13-37
52            android:theme="@android:style/Theme.Translucent.NoTitleBar" />
52-->[com.google.android.gms:play-services-base:17.5.0] AndroidManifest.xml:26:13-72
53    </application>
54
55</manifest>